<?xml version="1.0" encoding="UTF-8"?>
<testsuite name="Microsoft_Internet_Explorer_80_Windows.RegistrationClientSpec when validating password format" errors="0" failures="0" tests="1" time="0.031">
<testcase classname="Microsoft_Internet_Explorer_80_Windows.RegistrationClientSpec when validating password format" name="should be able to display an error message when password format is not correct" time="0.031"/>
</testsuite>
