<?xml version="1.0" encoding="UTF-8"?>
<testsuite name="Firefox_1501_Windows.RegistrationClientSpec when validating empty username and password" errors="0" failures="0" tests="2" time="0.083">
<testcase classname="Firefox_1501_Windows.RegistrationClientSpec when validating empty username and password" name="should be able to display an error message when username is not entered" time="0.01"/>
<testcase classname="Firefox_1501_Windows.RegistrationClientSpec when validating empty username and password" name="should be able to display an error message when password is not entered" time="0.073"/>
</testsuite>
