<?xml version="1.0" encoding="UTF-8"?>
<testsuite name="Microsoft_Internet_Explorer_80_Windows.WeatherClientSpec when getting the weather information" errors="0" failures="0" tests="2" time="0.67200005">
<testcase classname="Microsoft_Internet_Explorer_80_Windows.WeatherClientSpec when getting the weather information" name="should be able to get the weather of a valid location (Cairo)" time="0.344"/>
<testcase classname="Microsoft_Internet_Explorer_80_Windows.WeatherClientSpec when getting the weather information" name="should fail when getting the weather information of an invalid location" time="0.328"/>
</testsuite>
