<?xml version="1.0" encoding="UTF-8"?>
<testsuite name="Microsoft_Internet_Explorer_80_Windows.LoginClientSpec when validating empty username and password" errors="0" failures="0" tests="2" time="0.031">
<testcase classname="Microsoft_Internet_Explorer_80_Windows.LoginClientSpec when validating empty username and password" name="should be able to display an error message when username is not entered" time="0.015"/>
<testcase classname="Microsoft_Internet_Explorer_80_Windows.LoginClientSpec when validating empty username and password" name="should be able to display an error message when password is not entered" time="0.016"/>
</testsuite>
