<?xml version="1.0" encoding="UTF-8"?>
<testsuite name="Firefox_1501_Windows.RegistrationClientSpec when validating matched passwords" errors="0" failures="0" tests="1" time="0.0040">
<testcase classname="Firefox_1501_Windows.RegistrationClientSpec when validating matched passwords" name="should be able to display an error message when passwords are not matched" time="0.0040"/>
</testsuite>
