<?xml version="1.0" encoding="UTF-8"?>
<testsuite name="Microsoft_Internet_Explorer_80_Windows.RegistrationClientSpec when user registration is done" errors="0" failures="0" tests="2" time="0.11">
<testcase classname="Microsoft_Internet_Explorer_80_Windows.RegistrationClientSpec when user registration is done" name="should be able to register valid user correctly" time="0.063"/>
<testcase classname="Microsoft_Internet_Explorer_80_Windows.RegistrationClientSpec when user registration is done" name="should fail when a specific user id is already registered" time="0.047"/>
</testsuite>
