<?xml version="1.0" encoding="UTF-8"?>
<testsuite name="Microsoft_Internet_Explorer_80_Windows.LoginClient Testcase" errors="0" failures="0" tests="4" time="0.0">
<testcase classname="Microsoft_Internet_Explorer_80_Windows.LoginClient Testcase" name="testEmptyUserName" time="0.0"/>
<testcase classname="Microsoft_Internet_Explorer_80_Windows.LoginClient Testcase" name="testEmptyPassword" time="0.0"/>
<testcase classname="Microsoft_Internet_Explorer_80_Windows.LoginClient Testcase" name="testUsernameFormat" time="0.0"/>
<testcase classname="Microsoft_Internet_Explorer_80_Windows.LoginClient Testcase" name="testPasswordFormat" time="0.0"/>
</testsuite>
