<?xml version="1.0" encoding="UTF-8"?>
<testsuites>
<testsuite name="Empty userName and Password fields Testcase" failures="0" total="2" time="0.047">
<testcase classname="YUITest.iexplore.RegistrationClientTestSuite.EmptyuserNameandPasswordfieldsTestcase" name="testEmptyUserName" time="0.0">
</testcase><testcase classname="YUITest.iexplore.RegistrationClientTestSuite.EmptyuserNameandPasswordfieldsTestcase" name="testEmptyPassword" time="0.0">
</testcase>
</testsuite><testsuite name="Matched passwords Testcase" failures="0" total="1" time="0.031">
<testcase classname="YUITest.iexplore.RegistrationClientTestSuite.MatchedpasswordsTestcase" name="testMatchedPasswords" time="0.0">
</testcase>
</testsuite><testsuite name="Fields format Testcase" failures="0" total="2" time="0.047">
<testcase classname="YUITest.iexplore.RegistrationClientTestSuite.FieldsformatTestcase" name="testUsernameFormat" time="0.0">
</testcase><testcase classname="YUITest.iexplore.RegistrationClientTestSuite.FieldsformatTestcase" name="testPasswordFormat" time="0.0">
</testcase>
</testsuite><testsuite name="RegisterUser Testcase" failures="0" total="2" time="0.047">
<testcase classname="YUITest.iexplore.RegistrationClientTestSuite.RegisterUserTestcase" name="testAddNewUser" time="0.0">
</testcase><testcase classname="YUITest.iexplore.RegistrationClientTestSuite.RegisterUserTestcase" name="testAddExistingUser" time="0.0">
</testcase>
</testsuite>
</testsuites>