<?xml version="1.0" encoding="UTF-8"?>
<testsuites>
<testsuite name="Getting weather information Testcase" failures="0" total="2" time="0.765">
<testcase classname="YUITest.iexplore.WeatherClientTestSuite.GettingweatherinformationTestcase" name="Getting the weather information for a valid place" time="0.485">
</testcase><testcase classname="YUITest.iexplore.WeatherClientTestSuite.GettingweatherinformationTestcase" name="Getting the weather information for an invalid place" time="0.235">
</testcase>
</testsuite>
</testsuites>