<?xml version="1.0" encoding="UTF-8"?>
<testsuites>
<testsuite name="Empty userName and Password fields validation Testcase" failures="0" total="2" time="0.047">
<testcase classname="YUITest.iexplore.LoginClientTestSuite.EmptyuserNameandPasswordfieldsvalidationTestcase" name="testEmptyUserName" time="0.0">
</testcase><testcase classname="YUITest.iexplore.LoginClientTestSuite.EmptyuserNameandPasswordfieldsvalidationTestcase" name="testEmptyPassword" time="0.0">
</testcase>
</testsuite><testsuite name="Fields format validation Testcase" failures="0" total="2" time="0.047">
<testcase classname="YUITest.iexplore.LoginClientTestSuite.FieldsformatvalidationTestcase" name="testUsernameFormat" time="0.0">
</testcase><testcase classname="YUITest.iexplore.LoginClientTestSuite.FieldsformatvalidationTestcase" name="testPasswordFormat" time="0.0">
</testcase>
</testsuite>
</testsuites>