<?xml version="1.0" encoding="UTF-8"?>
<testsuites>
<testsuite name="Empty userName and Password fields Testcase" failures="0" total="2" time="0.034">
<testcase classname="YUITest.firefox.RegistrationClientTestSuite.EmptyuserNameandPasswordfieldsTestcase" name="testEmptyUserName" time="0.0010">
</testcase><testcase classname="YUITest.firefox.RegistrationClientTestSuite.EmptyuserNameandPasswordfieldsTestcase" name="testEmptyPassword" time="0.0010">
</testcase>
</testsuite><testsuite name="Matched passwords Testcase" failures="0" total="1" time="0.0040">
<testcase classname="YUITest.firefox.RegistrationClientTestSuite.MatchedpasswordsTestcase" name="testMatchedPasswords" time="0.0020">
</testcase>
</testsuite><testsuite name="Fields format Testcase" failures="0" total="2" time="0.0060">
<testcase classname="YUITest.firefox.RegistrationClientTestSuite.FieldsformatTestcase" name="testUsernameFormat" time="0.0010">
</testcase><testcase classname="YUITest.firefox.RegistrationClientTestSuite.FieldsformatTestcase" name="testPasswordFormat" time="0.0010">
</testcase>
</testsuite><testsuite name="RegisterUser Testcase" failures="0" total="2" time="0.029">
<testcase classname="YUITest.firefox.RegistrationClientTestSuite.RegisterUserTestcase" name="testAddNewUser" time="0.0030">
</testcase><testcase classname="YUITest.firefox.RegistrationClientTestSuite.RegisterUserTestcase" name="testAddExistingUser" time="0.0040">
</testcase>
</testsuite>
</testsuites>